# JRE version: OpenJDK Runtime Environment Temurin-17.0.8.1+1 (17.0.8.1+1) (build 17.0.8.1+1)
# Java VM: OpenJDK 64-Bit Server VM Temurin-17.0.8.1+1 (17.0.8.1+1, mixed mode, tiered, compressed oops, compressed class ptrs, g1 gc, windows-amd64)
GC Precious Log:
 CPUs: 2 total, 2 available
 Memory: 8191M
 Large Page Support: Disabled
 NUMA Support: Disabled
 Compressed Oops: Enabled (32-bit)
 Heap Region Size: 1M
 Heap Min Capacity: 8M
 Heap Initial Capacity: 128M
 Heap Max Capacity: 2G
 Pre-touch: Disabled
 Parallel Workers: 2
 Concurrent Workers: 1
 Concurrent Refinement Workers: 2
 Periodic GC: Disabled
Heap:
 garbage-first heap   total 116736K, used 69738K [0x0000000080000000, 0x0000000100000000)
  region size 1024K, 39 young (39936K), 6 survivors (6144K)
 Metaspace       used 76830K, committed 77440K, reserved 1179648K
  class space    used 10018K, committed 10304K, reserved 1048576K
GC Heap History (20 events):
Event: 4.153 GC heap before
{Heap before GC invocations=8 (full 0):
 garbage-first heap   total 58368K, used 18993K [0x0000000080000000, 0x0000000100000000)
  region size 1024K, 6 young (6144K), 5 survivors (5120K)
 Metaspace       used 28628K, committed 28864K, reserved 1114112K
  class space    used 3212K, committed 3328K, reserved 1048576K
}
Event: 4.173 GC heap after
{Heap after GC invocations=9 (full 0):
 garbage-first heap   total 58368K, used 17812K [0x0000000080000000, 0x0000000100000000)
  region size 1024K, 1 young (1024K), 1 survivors (1024K)
 Metaspace       used 28628K, committed 28864K, reserved 1114112K
  class space    used 3212K, committed 3328K, reserved 1048576K
}
Event: 4.967 GC heap before
{Heap before GC invocations=9 (full 0):
 garbage-first heap   total 58368K, used 42388K [0x0000000080000000, 0x0000000100000000)
  region size 1024K, 25 young (25600K), 1 survivors (1024K)
 Metaspace       used 30835K, committed 31168K, reserved 1114112K
  class space    used 3419K, committed 3584K, reserved 1048576K
}
Event: 4.973 GC heap after
{Heap after GC invocations=10 (full 0):
 garbage-first heap   total 58368K, used 19796K [0x0000000080000000, 0x0000000100000000)
  region size 1024K, 3 young (3072K), 3 survivors (3072K)
 Metaspace       used 30835K, committed 31168K, reserved 1114112K
  class space    used 3419K, committed 3584K, reserved 1048576K
}
Event: 5.615 GC heap before
{Heap before GC invocations=10 (full 0):
 garbage-first heap   total 58368K, used 43348K [0x0000000080000000, 0x0000000100000000)
  region size 1024K, 26 young (26624K), 3 survivors (3072K)
 Metaspace       used 33155K, committed 33408K, reserved 1114112K
  class space    used 3704K, committed 3840K, reserved 1048576K
}
Event: 5.622 GC heap after
{Heap after GC invocations=11 (full 0):
 garbage-first heap   total 58368K, used 21570K [0x0000000080000000, 0x0000000100000000)
  region size 1024K, 2 young (2048K), 2 survivors (2048K)
 Metaspace       used 33155K, committed 33408K, reserved 1114112K
  class space    used 3704K, committed 3840K, reserved 1048576K
}
Event: 6.122 GC heap before
{Heap before GC invocations=11 (full 0):
 garbage-first heap   total 58368K, used 37954K [0x0000000080000000, 0x0000000100000000)
  region size 1024K, 19 young (19456K), 2 survivors (2048K)
 Metaspace       used 35858K, committed 36096K, reserved 1114112K
  class space    used 4172K, committed 4288K, reserved 1048576K
}
Event: 6.128 GC heap after
{Heap after GC invocations=12 (full 0):
 garbage-first heap   total 58368K, used 22520K [0x0000000080000000, 0x0000000100000000)
  region size 1024K, 1 young (1024K), 1 survivors (1024K)
 Metaspace       used 35858K, committed 36096K, reserved 1114112K
  class space    used 4172K, committed 4288K, reserved 1048576K
}
Event: 6.894 GC heap before
{Heap before GC invocations=13 (full 0):
 garbage-first heap   total 58368K, used 46072K [0x0000000080000000, 0x0000000100000000)
  region size 1024K, 24 young (24576K), 1 survivors (1024K)
 Metaspace       used 38395K, committed 38784K, reserved 1114112K
  class space    used 4552K, committed 4736K, reserved 1048576K
}
Event: 6.901 GC heap after
{Heap after GC invocations=14 (full 0):
 garbage-first heap   total 58368K, used 24326K [0x0000000080000000, 0x0000000100000000)
  region size 1024K, 3 young (3072K), 3 survivors (3072K)
 Metaspace       used 38395K, committed 38784K, reserved 1114112K
  class space    used 4552K, committed 4736K, reserved 1048576K
}
Event: 7.634 GC heap before
{Heap before GC invocations=14 (full 0):
 garbage-first heap   total 58368K, used 44806K [0x0000000080000000, 0x0000000100000000)
  region size 1024K, 24 young (24576K), 3 survivors (3072K)
 Metaspace       used 42274K, committed 42688K, reserved 1114112K
  class space    used 5076K, committed 5312K, reserved 1048576K
}
Event: 7.643 GC heap after
{Heap after GC invocations=15 (full 0):
 garbage-first heap   total 58368K, used 26409K [0x0000000080000000, 0x0000000100000000)
  region size 1024K, 3 young (3072K), 3 survivors (3072K)
 Metaspace       used 42274K, committed 42688K, reserved 1114112K
  class space    used 5076K, committed 5312K, reserved 1048576K
}
Event: 7.666 GC heap before
{Heap before GC invocations=15 (full 0):
 garbage-first heap   total 58368K, used 30505K [0x0000000080000000, 0x0000000100000000)
  region size 1024K, 7 young (7168K), 3 survivors (3072K)
 Metaspace       used 42275K, committed 42688K, reserved 1114112K
  class space    used 5076K, committed 5312K, reserved 1048576K
}
Event: 7.672 GC heap after
{Heap after GC invocations=16 (full 0):
 garbage-first heap   total 116736K, used 27242K [0x0000000080000000, 0x0000000100000000)
  region size 1024K, 1 young (1024K), 1 survivors (1024K)
 Metaspace       used 42275K, committed 42688K, reserved 1114112K
  class space    used 5076K, committed 5312K, reserved 1048576K
}
Event: 9.196 GC heap before
{Heap before GC invocations=16 (full 0):
 garbage-first heap   total 116736K, used 94826K [0x0000000080000000, 0x0000000100000000)
  region size 1024K, 62 young (63488K), 1 survivors (1024K)
 Metaspace       used 50580K, committed 51008K, reserved 1114112K
  class space    used 6347K, committed 6528K, reserved 1048576K
}
Event: 9.209 GC heap after
{Heap after GC invocations=17 (full 0):
 garbage-first heap   total 116736K, used 31329K [0x0000000080000000, 0x0000000100000000)
  region size 1024K, 5 young (5120K), 5 survivors (5120K)
 Metaspace       used 50580K, committed 51008K, reserved 1114112K
  class space    used 6347K, committed 6528K, reserved 1048576K
}
Event: 10.257 GC heap before
{Heap before GC invocations=17 (full 0):
 garbage-first heap   total 116736K, used 66145K [0x0000000080000000, 0x0000000100000000)
  region size 1024K, 40 young (40960K), 5 survivors (5120K)
 Metaspace       used 59795K, committed 60288K, reserved 1114112K
  class space    used 7479K, committed 7744K, reserved 1048576K
}
Event: 10.269 GC heap after
{Heap after GC invocations=18 (full 0):
 garbage-first heap   total 116736K, used 33673K [0x0000000080000000, 0x0000000100000000)
  region size 1024K, 3 young (3072K), 3 survivors (3072K)
 Metaspace       used 59795K, committed 60288K, reserved 1114112K
  class space    used 7479K, committed 7744K, reserved 1048576K
}
Event: 13.885 GC heap before
{Heap before GC invocations=19 (full 0):
 garbage-first heap   total 116736K, used 91017K [0x0000000080000000, 0x0000000100000000)
  region size 1024K, 59 young (60416K), 3 survivors (3072K)
 Metaspace       used 73407K, committed 73920K, reserved 1114112K
  class space    used 9568K, committed 9792K, reserved 1048576K
}
Event: 13.899 GC heap after
{Heap after GC invocations=20 (full 0):
 garbage-first heap   total 116736K, used 36970K [0x0000000080000000, 0x0000000100000000)
  region size 1024K, 6 young (6144K), 6 survivors (6144K)
 Metaspace       used 73407K, committed 73920K, reserved 1114112K
  class space    used 9568K, committed 9792K, reserved 1048576K
}

