# JRE version: OpenJDK Runtime Environment Temurin-17.0.8.1+1 (17.0.8.1+1) (build 17.0.8.1+1)
# Java VM: OpenJDK 64-Bit Server VM Temurin-17.0.8.1+1 (17.0.8.1+1, mixed mode, tiered, compressed oops, compressed class ptrs, g1 gc, windows-amd64)
GC Precious Log:
 CPUs: 2 total, 2 available
 Memory: 8191M
 Large Page Support: Disabled
 NUMA Support: Disabled
 Compressed Oops: Enabled (32-bit)
 Heap Region Size: 1M
 Heap Min Capacity: 8M
 Heap Initial Capacity: 128M
 Heap Max Capacity: 2G
 Pre-touch: Disabled
 Parallel Workers: 2
 Concurrent Workers: 1
 Concurrent Refinement Workers: 2
 Periodic GC: Disabled
Heap:
 garbage-first heap   total 95232K, used 55149K [0x0000000080000000, 0x0000000100000000)
  region size 1024K, 16 young (16384K), 4 survivors (4096K)
 Metaspace       used 86563K, committed 87232K, reserved 1179648K
  class space    used 11281K, committed 11584K, reserved 1048576K
GC Heap History (20 events):
Event: 6.247 GC heap before
{Heap before GC invocations=9 (full 0):
 garbage-first heap   total 116736K, used 57874K [0x0000000080000000, 0x0000000100000000)
  region size 1024K, 41 young (41984K), 3 survivors (3072K)
 Metaspace       used 35787K, committed 36096K, reserved 1114112K
  class space    used 4163K, committed 4288K, reserved 1048576K
}
Event: 6.259 GC heap after
{Heap after GC invocations=10 (full 0):
 garbage-first heap   total 116736K, used 22414K [0x0000000080000000, 0x0000000100000000)
  region size 1024K, 5 young (5120K), 5 survivors (5120K)
 Metaspace       used 35787K, committed 36096K, reserved 1114112K
  class space    used 4163K, committed 4288K, reserved 1048576K
}
Event: 7.769 GC heap before
{Heap before GC invocations=11 (full 0):
 garbage-first heap   total 78848K, used 64398K [0x0000000080000000, 0x0000000100000000)
  region size 1024K, 46 young (47104K), 5 survivors (5120K)
 Metaspace       used 41274K, committed 41600K, reserved 1114112K
  class space    used 4941K, committed 5120K, reserved 1048576K
}
Event: 7.784 GC heap after
{Heap after GC invocations=12 (full 0):
 garbage-first heap   total 78848K, used 25631K [0x0000000080000000, 0x0000000100000000)
  region size 1024K, 6 young (6144K), 6 survivors (6144K)
 Metaspace       used 41274K, committed 41600K, reserved 1114112K
  class space    used 4941K, committed 5120K, reserved 1048576K
}
Event: 8.405 GC heap before
{Heap before GC invocations=12 (full 0):
 garbage-first heap   total 78848K, used 65567K [0x0000000080000000, 0x0000000100000000)
  region size 1024K, 39 young (39936K), 6 survivors (6144K)
 Metaspace       used 42824K, committed 43200K, reserved 1114112K
  class space    used 5161K, committed 5312K, reserved 1048576K
}
Event: 8.426 GC heap after
{Heap after GC invocations=13 (full 0):
 garbage-first heap   total 78848K, used 29515K [0x0000000080000000, 0x0000000100000000)
  region size 1024K, 4 young (4096K), 4 survivors (4096K)
 Metaspace       used 42824K, committed 43200K, reserved 1114112K
  class space    used 5161K, committed 5312K, reserved 1048576K
}
Event: 9.331 GC heap before
{Heap before GC invocations=13 (full 0):
 garbage-first heap   total 78848K, used 59211K [0x0000000080000000, 0x0000000100000000)
  region size 1024K, 33 young (33792K), 4 survivors (4096K)
 Metaspace       used 50180K, committed 50560K, reserved 1114112K
  class space    used 6286K, committed 6464K, reserved 1048576K
}
Event: 9.352 GC heap after
{Heap after GC invocations=14 (full 0):
 garbage-first heap   total 78848K, used 31122K [0x0000000080000000, 0x0000000100000000)
  region size 1024K, 2 young (2048K), 2 survivors (2048K)
 Metaspace       used 50180K, committed 50560K, reserved 1114112K
  class space    used 6286K, committed 6464K, reserved 1048576K
}
Event: 10.176 GC heap before
{Heap before GC invocations=14 (full 0):
 garbage-first heap   total 78848K, used 60818K [0x0000000080000000, 0x0000000100000000)
  region size 1024K, 31 young (31744K), 2 survivors (2048K)
 Metaspace       used 57945K, committed 58368K, reserved 1114112K
  class space    used 7261K, committed 7488K, reserved 1048576K
}
Event: 10.184 GC heap after
{Heap after GC invocations=15 (full 0):
 garbage-first heap   total 95232K, used 32558K [0x0000000080000000, 0x0000000100000000)
  region size 1024K, 4 young (4096K), 4 survivors (4096K)
 Metaspace       used 57945K, committed 58368K, reserved 1114112K
  class space    used 7261K, committed 7488K, reserved 1048576K
}
Event: 10.374 GC heap before
{Heap before GC invocations=15 (full 0):
 garbage-first heap   total 95232K, used 39726K [0x0000000080000000, 0x0000000100000000)
  region size 1024K, 12 young (12288K), 4 survivors (4096K)
 Metaspace       used 59861K, committed 60288K, reserved 1114112K
  class space    used 7524K, committed 7744K, reserved 1048576K
}
Event: 10.382 GC heap after
{Heap after GC invocations=16 (full 0):
 garbage-first heap   total 95232K, used 33010K [0x0000000080000000, 0x0000000100000000)
  region size 1024K, 3 young (3072K), 3 survivors (3072K)
 Metaspace       used 59861K, committed 60288K, reserved 1114112K
  class space    used 7524K, committed 7744K, reserved 1048576K
}
Event: 11.737 GC heap before
{Heap before GC invocations=17 (full 0):
 garbage-first heap   total 95232K, used 72946K [0x0000000080000000, 0x0000000100000000)
  region size 1024K, 43 young (44032K), 3 survivors (3072K)
 Metaspace       used 70470K, committed 70976K, reserved 1114112K
  class space    used 9129K, committed 9344K, reserved 1048576K
}
Event: 11.747 GC heap after
{Heap after GC invocations=18 (full 0):
 garbage-first heap   total 95232K, used 35343K [0x0000000080000000, 0x0000000100000000)
  region size 1024K, 5 young (5120K), 5 survivors (5120K)
 Metaspace       used 70470K, committed 70976K, reserved 1114112K
  class space    used 9129K, committed 9344K, reserved 1048576K
}
Event: 12.965 GC heap before
{Heap before GC invocations=18 (full 0):
 garbage-first heap   total 95232K, used 75279K [0x0000000080000000, 0x0000000100000000)
  region size 1024K, 44 young (45056K), 5 survivors (5120K)
 Metaspace       used 75553K, committed 76096K, reserved 1179648K
  class space    used 9867K, committed 10112K, reserved 1048576K
}
Event: 12.980 GC heap after
{Heap after GC invocations=19 (full 0):
 garbage-first heap   total 95232K, used 37887K [0x0000000080000000, 0x0000000100000000)
  region size 1024K, 6 young (6144K), 6 survivors (6144K)
 Metaspace       used 75553K, committed 76096K, reserved 1179648K
  class space    used 9867K, committed 10112K, reserved 1048576K
}
Event: 14.130 GC heap before
{Heap before GC invocations=19 (full 0):
 garbage-first heap   total 95232K, used 74751K [0x0000000080000000, 0x0000000100000000)
  region size 1024K, 42 young (43008K), 6 survivors (6144K)
 Metaspace       used 79800K, committed 80384K, reserved 1179648K
  class space    used 10420K, committed 10688K, reserved 1048576K
}
Event: 14.155 GC heap after
{Heap after GC invocations=20 (full 0):
 garbage-first heap   total 95232K, used 41292K [0x0000000080000000, 0x0000000100000000)
  region size 1024K, 6 young (6144K), 6 survivors (6144K)
 Metaspace       used 79800K, committed 80384K, reserved 1179648K
  class space    used 10420K, committed 10688K, reserved 1048576K
}
Event: 16.098 GC heap before
{Heap before GC invocations=20 (full 0):
 garbage-first heap   total 95232K, used 75084K [0x0000000080000000, 0x0000000100000000)
  region size 1024K, 39 young (39936K), 6 survivors (6144K)
 Metaspace       used 86172K, committed 86784K, reserved 1179648K
  class space    used 11265K, committed 11584K, reserved 1048576K
}
Event: 16.114 GC heap after
{Heap after GC invocations=21 (full 0):
 garbage-first heap   total 95232K, used 43885K [0x0000000080000000, 0x0000000100000000)
  region size 1024K, 4 young (4096K), 4 survivors (4096K)
 Metaspace       used 86172K, committed 86784K, reserved 1179648K
  class space    used 11265K, committed 11584K, reserved 1048576K
}

